2020-10-26 18:59:20,415  (:0) INFO- Default Quartz.NET properties loaded from embedded resource file
2020-10-26 18:59:20,572  (:0) DEBUG- TaskSchedulingThreadPool configured with max concurrency of 10 and TaskScheduler ThreadPoolTaskScheduler.
2020-10-26 18:59:20,598  (:0) INFO- Initialized Scheduler Signaller of type: Quartz.Core.SchedulerSignalerImpl
2020-10-26 18:59:20,601  (?:?) INFO- Quartz Scheduler v.3.2.0.0 created.
2020-10-26 18:59:20,602  (:0) INFO- RAMJobStore initialized.
2020-10-26 18:59:20,606  (:0) INFO- Scheduler meta-data: Quartz Scheduler (v3.2.0.0) 'DefaultQuartzScheduler' with instanceId 'NON_CLUSTERED'
  Scheduler class: 'Quartz.Core.QuartzScheduler' - running locally.
  NOT STARTED.
  Currently in standby mode.
  Number of jobs executed: 0
  Using thread pool 'Quartz.Simpl.DefaultThreadPool' - with 10 threads.
  Using job-store 'Quartz.Simpl.RAMJobStore' - which does not support persistence. and is not clustered.

2020-10-26 18:59:20,606  (:0) INFO- Quartz scheduler 'DefaultQuartzScheduler' initialized
2020-10-26 18:59:20,607  (:0) INFO- Quartz scheduler version: 3.2.0.0
2020-10-26 18:59:20,612  (:0) INFO- Default Quartz.NET properties loaded from embedded resource file
2020-10-26 18:59:20,656  (:0) INFO- Scheduler DefaultQuartzScheduler_$_NON_CLUSTERED started.
2020-10-26 18:59:23,438  (:0) INFO- Using object serializer: Quartz.Simpl.BinaryObjectSerializer, Quartz
2020-10-26 18:59:23,438  (?:?) DEBUG- Batch acquisition of 0 triggers
2020-10-26 18:59:23,440  (:0) DEBUG- TaskSchedulingThreadPool configured with max concurrency of 10 and TaskScheduler ThreadPoolTaskScheduler.
2020-10-26 18:59:23,441  (:0) INFO- Initialized Scheduler Signaller of type: Quartz.Core.SchedulerSignalerImpl
2020-10-26 18:59:23,441  (?:?) INFO- Quartz Scheduler v.3.2.0.0 created.
2020-10-26 18:59:23,442  (:0) INFO- RAMJobStore initialized.
2020-10-26 18:59:23,442  (:0) INFO- Scheduler meta-data: Quartz Scheduler (v3.2.0.0) 'QuartzScheduler' with instanceId 'NON_CLUSTERED'
  Scheduler class: 'Quartz.Core.QuartzScheduler' - running locally.
  NOT STARTED.
  Currently in standby mode.
  Number of jobs executed: 0
  Using thread pool 'Quartz.Simpl.DefaultThreadPool' - with 10 threads.
  Using job-store 'Quartz.Simpl.RAMJobStore' - which does not support persistence. and is not clustered.

2020-10-26 18:59:23,442  (:0) INFO- Quartz scheduler 'QuartzScheduler' initialized
2020-10-26 18:59:23,442  (:0) INFO- Quartz scheduler version: 3.2.0.0
2020-10-26 18:59:23,442  (:0) INFO- Scheduler QuartzScheduler_$_NON_CLUSTERED started.
2020-10-26 18:59:23,443  (?:?) DEBUG- Batch acquisition of 0 triggers
2020-10-26 18:59:23,446  (?:?) DEBUG- Batch acquisition of 1 triggers
2020-10-26 18:59:23,454  (:0) DEBUG- Producing instance of Job 'group1.job1', class=LogMaker.Jobclass
2020-10-26 18:59:23,458  (?:?) DEBUG- Batch acquisition of 0 triggers
2020-10-26 18:59:23,473  (:0) DEBUG- Calling Execute on job group1.job1
2020-10-26 18:59:23,476  (:0) INFO- Scheduler QuartzScheduler_$_NON_CLUSTERED started.
2020-10-26 18:59:23,476  (?:?) DEBUG- Batch acquisition of 0 triggers
2020-10-26 18:59:47,985  (?:?) DEBUG- Batch acquisition of 0 triggers
2020-10-26 18:59:50,024  (:0) DEBUG- Trigger instruction : NoInstruction
2020-10-26 18:59:50,038  (?:?) DEBUG- Batch acquisition of 1 triggers
2020-10-26 19:00:07,890  (:0) DEBUG- Producing instance of Job 'group1.job1', class=LogMaker.Jobclass
2020-10-26 19:00:08,711  (?:?) DEBUG- Batch acquisition of 0 triggers
2020-10-26 19:00:08,711  (:0) DEBUG- Calling Execute on job group1.job1
2020-10-26 19:00:13,407  (?:?) DEBUG- Batch acquisition of 0 triggers
2020-10-26 19:00:23,080  (:0) DEBUG- Trigger instruction : NoInstruction
2020-10-26 19:00:23,081  (?:?) DEBUG- Batch acquisition of 1 triggers
2020-10-26 19:00:24,009  (:0) DEBUG- Producing instance of Job 'group1.job1', class=LogMaker.Jobclass
2020-10-26 19:00:24,010  (?:?) DEBUG- Batch acquisition of 0 triggers
2020-10-26 19:00:24,010  (:0) DEBUG- Calling Execute on job group1.job1
2020-10-26 19:00:32,804  (:0) DEBUG- Trigger instruction : NoInstruction
2020-10-26 19:00:32,804  (?:?) DEBUG- Batch acquisition of 1 triggers
2020-10-26 19:00:38,187  (?:?) DEBUG- Batch acquisition of 0 triggers
2020-10-26 19:01:57,433  (?:?) DEBUG- Batch acquisition of 0 triggers
2020-10-26 19:01:57,434  (:0) DEBUG- Producing instance of Job 'group1.job1', class=LogMaker.Jobclass
2020-10-26 19:01:57,467  (?:?) DEBUG- Batch acquisition of 0 triggers
2020-10-26 19:01:57,467  (:0) DEBUG- Calling Execute on job group1.job1
2020-10-26 19:02:03,792  (:0) DEBUG- Trigger instruction : NoInstruction
2020-10-26 19:02:03,792  (?:?) DEBUG- Batch acquisition of 1 triggers
2020-10-26 19:02:23,810  (:0) DEBUG- Producing instance of Job 'group1.job1', class=LogMaker.Jobclass
2020-10-26 19:02:24,714  (?:?) DEBUG- Batch acquisition of 0 triggers
2020-10-26 19:02:24,714  (:0) DEBUG- Calling Execute on job group1.job1
2020-10-26 19:02:37,075  (?:?) DEBUG- Batch acquisition of 0 triggers
2020-10-26 19:02:47,600  (:0) DEBUG- Trigger instruction : NoInstruction
2020-10-26 19:02:47,602  (?:?) DEBUG- Batch acquisition of 1 triggers
2020-10-26 19:02:47,602  (:0) DEBUG- Producing instance of Job 'group1.job1', class=LogMaker.Jobclass
2020-10-26 19:02:47,602  (?:?) DEBUG- Batch acquisition of 0 triggers
2020-10-26 19:02:47,612  (:0) DEBUG- Calling Execute on job group1.job1
2020-10-26 19:02:49,138  (:0) DEBUG- Trigger instruction : NoInstruction
2020-10-26 19:02:51,088  (?:?) DEBUG- Batch acquisition of 1 triggers
2020-10-26 19:03:03,635  (:0) DEBUG- Producing instance of Job 'group1.job1', class=LogMaker.Jobclass
2020-10-26 19:03:03,922  (?:?) DEBUG- Batch acquisition of 0 triggers
2020-10-26 19:03:03,922  (:0) DEBUG- Calling Execute on job group1.job1
2020-10-26 19:03:38,595  (:0) INFO- Using object serializer: Quartz.Simpl.BinaryObjectSerializer, Quartz
2020-10-26 19:03:38,633  (:0) DEBUG- TaskSchedulingThreadPool configured with max concurrency of 10 and TaskScheduler ThreadPoolTaskScheduler.
2020-10-26 19:03:38,648  (:0) INFO- Initialized Scheduler Signaller of type: Quartz.Core.SchedulerSignalerImpl
2020-10-26 19:03:38,652  (?:?) INFO- Quartz Scheduler v.3.2.0.0 created.
2020-10-26 19:03:38,653  (:0) INFO- RAMJobStore initialized.
2020-10-26 19:03:38,659  (:0) INFO- Scheduler meta-data: Quartz Scheduler (v3.2.0.0) 'QuartzScheduler' with instanceId 'NON_CLUSTERED'
  Scheduler class: 'Quartz.Core.QuartzScheduler' - running locally.
  NOT STARTED.
  Currently in standby mode.
  Number of jobs executed: 0
  Using thread pool 'Quartz.Simpl.DefaultThreadPool' - with 10 threads.
  Using job-store 'Quartz.Simpl.RAMJobStore' - which does not support persistence. and is not clustered.

2020-10-26 19:03:38,659  (:0) INFO- Quartz scheduler 'QuartzScheduler' initialized
2020-10-26 19:03:38,660  (:0) INFO- Quartz scheduler version: 3.2.0.0
2020-10-26 19:03:38,687  (:0) INFO- Scheduler QuartzScheduler_$_NON_CLUSTERED started.
2020-10-26 19:03:38,692  (?:?) DEBUG- Batch acquisition of 0 triggers
2020-10-26 19:03:38,711  (?:?) DEBUG- Batch acquisition of 1 triggers
2020-10-26 19:03:38,723  (:0) DEBUG- Producing instance of Job 'group1.job1', class=LogMaker.Jobclass
2020-10-26 19:03:38,730  (?:?) DEBUG- Batch acquisition of 0 triggers
2020-10-26 19:03:38,755  (:0) DEBUG- Calling Execute on job group1.job1
2020-10-26 19:03:38,759  (:0) INFO- Scheduler QuartzScheduler_$_NON_CLUSTERED started.
2020-10-26 19:03:38,759  (?:?) DEBUG- Batch acquisition of 0 triggers
2020-10-26 19:03:41,535  (:0) DEBUG- Trigger instruction : NoInstruction
2020-10-26 19:03:41,541  (?:?) DEBUG- Batch acquisition of 1 triggers
2020-10-26 19:04:34,960  (:0) INFO- Default Quartz.NET properties loaded from embedded resource file
2020-10-26 19:04:35,032  (:0) DEBUG- TaskSchedulingThreadPool configured with max concurrency of 10 and TaskScheduler ThreadPoolTaskScheduler.
2020-10-26 19:04:35,053  (:0) INFO- Initialized Scheduler Signaller of type: Quartz.Core.SchedulerSignalerImpl
2020-10-26 19:04:35,058  (?:?) INFO- Quartz Scheduler v.3.2.0.0 created.
2020-10-26 19:04:35,059  (:0) INFO- RAMJobStore initialized.
2020-10-26 19:04:35,065  (:0) INFO- Scheduler meta-data: Quartz Scheduler (v3.2.0.0) 'DefaultQuartzScheduler' with instanceId 'NON_CLUSTERED'
  Scheduler class: 'Quartz.Core.QuartzScheduler' - running locally.
  NOT STARTED.
  Currently in standby mode.
  Number of jobs executed: 0
  Using thread pool 'Quartz.Simpl.DefaultThreadPool' - with 10 threads.
  Using job-store 'Quartz.Simpl.RAMJobStore' - which does not support persistence. and is not clustered.

2020-10-26 19:04:35,066  (:0) INFO- Quartz scheduler 'DefaultQuartzScheduler' initialized
2020-10-26 19:04:35,067  (:0) INFO- Quartz scheduler version: 3.2.0.0
2020-10-26 19:04:35,075  (:0) INFO- Default Quartz.NET properties loaded from embedded resource file
2020-10-26 19:04:35,153  (:0) INFO- Scheduler DefaultQuartzScheduler_$_NON_CLUSTERED started.
2020-10-26 19:04:35,159  (:0) INFO- Using object serializer: Quartz.Simpl.BinaryObjectSerializer, Quartz
2020-10-26 19:04:35,161  (:0) DEBUG- TaskSchedulingThreadPool configured with max concurrency of 10 and TaskScheduler ThreadPoolTaskScheduler.
2020-10-26 19:04:35,161  (:0) INFO- Initialized Scheduler Signaller of type: Quartz.Core.SchedulerSignalerImpl
2020-10-26 19:04:35,162  (?:?) INFO- Quartz Scheduler v.3.2.0.0 created.
2020-10-26 19:04:35,163  (:0) INFO- RAMJobStore initialized.
2020-10-26 19:04:35,164  (:0) INFO- Scheduler meta-data: Quartz Scheduler (v3.2.0.0) 'QuartzScheduler' with instanceId 'NON_CLUSTERED'
  Scheduler class: 'Quartz.Core.QuartzScheduler' - running locally.
  NOT STARTED.
  Currently in standby mode.
  Number of jobs executed: 0
  Using thread pool 'Quartz.Simpl.DefaultThreadPool' - with 10 threads.
  Using job-store 'Quartz.Simpl.RAMJobStore' - which does not support persistence. and is not clustered.

2020-10-26 19:04:35,164  (:0) INFO- Quartz scheduler 'QuartzScheduler' initialized
2020-10-26 19:04:35,164  (:0) INFO- Quartz scheduler version: 3.2.0.0
2020-10-26 19:04:35,164  (?:?) DEBUG- Batch acquisition of 0 triggers
2020-10-26 19:04:35,164  (?:?) DEBUG- Batch acquisition of 0 triggers
2020-10-26 19:04:35,164  (:0) INFO- Scheduler QuartzScheduler_$_NON_CLUSTERED started.
2020-10-26 19:04:35,171  (?:?) DEBUG- Batch acquisition of 1 triggers
2020-10-26 19:04:35,182  (:0) DEBUG- Producing instance of Job 'group1.job1', class=LogMaker.Jobclass
2020-10-26 19:04:35,190  (?:?) DEBUG- Batch acquisition of 0 triggers
2020-10-26 19:04:35,214  (:0) DEBUG- Calling Execute on job group1.job1
2020-10-26 19:04:35,218  (:0) INFO- Scheduler QuartzScheduler_$_NON_CLUSTERED started.
2020-10-26 19:04:35,218  (?:?) DEBUG- Batch acquisition of 0 triggers
2020-10-26 19:04:38,377  (:0) DEBUG- Trigger instruction : NoInstruction
2020-10-26 19:04:38,384  (?:?) DEBUG- Batch acquisition of 1 triggers
2020-10-26 19:04:55,171  (:0) DEBUG- Producing instance of Job 'group1.job1', class=LogMaker.Jobclass
2020-10-26 19:04:55,173  (?:?) DEBUG- Batch acquisition of 0 triggers
2020-10-26 19:04:55,173  (:0) DEBUG- Calling Execute on job group1.job1
2020-10-26 19:04:57,825  (:0) DEBUG- Trigger instruction : NoInstruction
2020-10-26 19:04:57,825  (?:?) DEBUG- Batch acquisition of 1 triggers
2020-10-26 19:04:59,470  (?:?) DEBUG- Batch acquisition of 0 triggers
2020-10-26 19:05:07,950  (:0) INFO- Default Quartz.NET properties loaded from embedded resource file
2020-10-26 19:05:07,988  (?:?) DEBUG- Batch acquisition of 0 triggers
2020-10-26 19:05:07,989  (?:?) DEBUG- Batch acquisition of 0 triggers
2020-10-26 19:05:07,990  (:0) INFO- Default Quartz.NET properties loaded from embedded resource file
2020-10-26 19:05:07,991  (:0) INFO- Scheduler DefaultQuartzScheduler_$_NON_CLUSTERED started.
2020-10-26 19:05:07,991  (?:?) DEBUG- Batch acquisition of 0 triggers
2020-10-26 19:05:15,176  (:0) DEBUG- Producing instance of Job 'group1.job1', class=LogMaker.Jobclass
2020-10-26 19:05:15,177  (?:?) DEBUG- Batch acquisition of 0 triggers
2020-10-26 19:05:15,177  (:0) DEBUG- Calling Execute on job group1.job1
2020-10-26 19:05:23,424  (:0) DEBUG- Trigger instruction : NoInstruction
2020-10-26 19:05:23,424  (?:?) DEBUG- Batch acquisition of 1 triggers
2020-10-26 19:05:32,919  (?:?) DEBUG- Batch acquisition of 0 triggers
2020-10-26 19:05:35,179  (:0) DEBUG- Producing instance of Job 'group1.job1', class=LogMaker.Jobclass
2020-10-26 19:05:35,179  (?:?) DEBUG- Batch acquisition of 0 triggers
2020-10-26 19:05:35,179  (:0) DEBUG- Calling Execute on job group1.job1
2020-10-26 19:05:37,151  (:0) DEBUG- Trigger instruction : NoInstruction
2020-10-26 19:05:37,151  (?:?) DEBUG- Batch acquisition of 1 triggers
2020-10-26 19:05:55,180  (:0) DEBUG- Producing instance of Job 'group1.job1', class=LogMaker.Jobclass
2020-10-26 19:05:55,181  (:0) DEBUG- Calling Execute on job group1.job1
2020-10-26 19:05:55,181  (?:?) DEBUG- Batch acquisition of 0 triggers
2020-10-26 19:05:55,181  (:0) DEBUG- Trigger instruction : NoInstruction
2020-10-26 19:05:55,182  (?:?) DEBUG- Batch acquisition of 1 triggers
2020-10-26 19:06:02,374  (?:?) DEBUG- Batch acquisition of 0 triggers
2020-10-26 19:06:15,178  (:0) DEBUG- Producing instance of Job 'group1.job1', class=LogMaker.Jobclass
2020-10-26 19:06:15,178  (?:?) DEBUG- Batch acquisition of 0 triggers
2020-10-26 19:06:15,178  (:0) DEBUG- Calling Execute on job group1.job1
2020-10-26 19:06:15,179  (:0) DEBUG- Trigger instruction : NoInstruction
2020-10-26 19:06:15,179  (?:?) DEBUG- Batch acquisition of 1 triggers
2020-10-26 19:06:40,679  (:0) INFO- Default Quartz.NET properties loaded from embedded resource file
2020-10-26 19:06:40,729  (:0) DEBUG- TaskSchedulingThreadPool configured with max concurrency of 10 and TaskScheduler ThreadPoolTaskScheduler.
2020-10-26 19:06:40,741  (:0) INFO- Initialized Scheduler Signaller of type: Quartz.Core.SchedulerSignalerImpl
2020-10-26 19:06:40,744  (?:?) INFO- Quartz Scheduler v.3.2.0.0 created.
2020-10-26 19:06:40,745  (:0) INFO- RAMJobStore initialized.
2020-10-26 19:06:40,749  (:0) INFO- Scheduler meta-data: Quartz Scheduler (v3.2.0.0) 'DefaultQuartzScheduler' with instanceId 'NON_CLUSTERED'
  Scheduler class: 'Quartz.Core.QuartzScheduler' - running locally.
  NOT STARTED.
  Currently in standby mode.
  Number of jobs executed: 0
  Using thread pool 'Quartz.Simpl.DefaultThreadPool' - with 10 threads.
  Using job-store 'Quartz.Simpl.RAMJobStore' - which does not support persistence. and is not clustered.

2020-10-26 19:06:40,750  (:0) INFO- Quartz scheduler 'DefaultQuartzScheduler' initialized
2020-10-26 19:06:40,750  (:0) INFO- Quartz scheduler version: 3.2.0.0
2020-10-26 19:06:40,755  (:0) INFO- Default Quartz.NET properties loaded from embedded resource file
2020-10-26 19:06:40,802  (:0) INFO- Scheduler DefaultQuartzScheduler_$_NON_CLUSTERED started.
2020-10-26 19:06:40,806  (:0) INFO- Using object serializer: Quartz.Simpl.BinaryObjectSerializer, Quartz
2020-10-26 19:06:40,807  (:0) DEBUG- TaskSchedulingThreadPool configured with max concurrency of 10 and TaskScheduler ThreadPoolTaskScheduler.
2020-10-26 19:06:40,808  (:0) INFO- Initialized Scheduler Signaller of type: Quartz.Core.SchedulerSignalerImpl
2020-10-26 19:06:40,808  (?:?) INFO- Quartz Scheduler v.3.2.0.0 created.
2020-10-26 19:06:40,808  (:0) INFO- RAMJobStore initialized.
2020-10-26 19:06:40,808  (:0) INFO- Scheduler meta-data: Quartz Scheduler (v3.2.0.0) 'QuartzScheduler' with instanceId 'NON_CLUSTERED'
  Scheduler class: 'Quartz.Core.QuartzScheduler' - running locally.
  NOT STARTED.
  Currently in standby mode.
  Number of jobs executed: 0
  Using thread pool 'Quartz.Simpl.DefaultThreadPool' - with 10 threads.
  Using job-store 'Quartz.Simpl.RAMJobStore' - which does not support persistence. and is not clustered.

2020-10-26 19:06:40,809  (:0) INFO- Quartz scheduler 'QuartzScheduler' initialized
2020-10-26 19:06:40,809  (:0) INFO- Quartz scheduler version: 3.2.0.0
2020-10-26 19:06:40,809  (:0) INFO- Scheduler QuartzScheduler_$_NON_CLUSTERED started.
2020-10-26 19:06:40,809  (?:?) DEBUG- Batch acquisition of 0 triggers
2020-10-26 19:06:40,810  (?:?) DEBUG- Batch acquisition of 0 triggers
2020-10-26 19:07:09,666  (?:?) DEBUG- Batch acquisition of 0 triggers
2020-10-26 19:07:09,868  (?:?) DEBUG- Batch acquisition of 0 triggers
2020-10-26 19:07:33,190  (:0) INFO- Default Quartz.NET properties loaded from embedded resource file
2020-10-26 19:07:37,527  (?:?) DEBUG- Batch acquisition of 0 triggers
2020-10-26 19:07:37,527  (?:?) DEBUG- Batch acquisition of 0 triggers
2020-10-26 19:07:42,790  (?:?) DEBUG- Batch acquisition of 0 triggers
2020-10-26 19:07:42,791  (?:?) DEBUG- Batch acquisition of 0 triggers
2020-10-26 19:07:58,083  (:0) INFO- Default Quartz.NET properties loaded from embedded resource file
2020-10-26 19:08:10,341  (?:?) DEBUG- Batch acquisition of 0 triggers
2020-10-26 19:08:10,341  (?:?) DEBUG- Batch acquisition of 0 triggers
2020-10-26 19:08:14,100  (?:?) DEBUG- Batch acquisition of 0 triggers
2020-10-26 19:08:14,696  (:0) INFO- Scheduler DefaultQuartzScheduler_$_NON_CLUSTERED started.
2020-10-26 19:08:14,696  (?:?) DEBUG- Batch acquisition of 0 triggers
2020-10-26 19:08:38,410  (?:?) DEBUG- Batch acquisition of 0 triggers
2020-10-26 19:08:41,622  (?:?) DEBUG- Batch acquisition of 0 triggers
2020-10-26 19:09:04,554  (?:?) DEBUG- Batch acquisition of 0 triggers
2020-10-26 19:09:07,217  (?:?) DEBUG- Batch acquisition of 0 triggers
2020-10-26 19:09:29,907  (?:?) DEBUG- Batch acquisition of 0 triggers
2020-10-26 19:09:30,833  (?:?) DEBUG- Batch acquisition of 0 triggers
2020-10-26 19:09:54,987  (?:?) DEBUG- Batch acquisition of 0 triggers
2020-10-26 19:09:59,142  (?:?) DEBUG- Batch acquisition of 0 triggers
2020-10-26 19:14:16,191  (:0) INFO- Default Quartz.NET properties loaded from embedded resource file
2020-10-26 19:14:16,244  (:0) DEBUG- TaskSchedulingThreadPool configured with max concurrency of 10 and TaskScheduler ThreadPoolTaskScheduler.
2020-10-26 19:14:16,259  (:0) INFO- Initialized Scheduler Signaller of type: Quartz.Core.SchedulerSignalerImpl
2020-10-26 19:14:16,263  (?:?) INFO- Quartz Scheduler v.3.2.0.0 created.
2020-10-26 19:14:16,264  (:0) INFO- RAMJobStore initialized.
2020-10-26 19:14:16,267  (:0) INFO- Scheduler meta-data: Quartz Scheduler (v3.2.0.0) 'DefaultQuartzScheduler' with instanceId 'NON_CLUSTERED'
  Scheduler class: 'Quartz.Core.QuartzScheduler' - running locally.
  NOT STARTED.
  Currently in standby mode.
  Number of jobs executed: 0
  Using thread pool 'Quartz.Simpl.DefaultThreadPool' - with 10 threads.
  Using job-store 'Quartz.Simpl.RAMJobStore' - which does not support persistence. and is not clustered.

2020-10-26 19:14:16,268  (:0) INFO- Quartz scheduler 'DefaultQuartzScheduler' initialized
2020-10-26 19:14:16,268  (:0) INFO- Quartz scheduler version: 3.2.0.0
2020-10-26 19:14:16,275  (:0) INFO- Using object serializer: Quartz.Simpl.BinaryObjectSerializer, Quartz
2020-10-26 19:14:16,275  (:0) DEBUG- TaskSchedulingThreadPool configured with max concurrency of 10 and TaskScheduler ThreadPoolTaskScheduler.
2020-10-26 19:14:16,276  (:0) INFO- Initialized Scheduler Signaller of type: Quartz.Core.SchedulerSignalerImpl
2020-10-26 19:14:16,278  (?:?) INFO- Quartz Scheduler v.3.2.0.0 created.
2020-10-26 19:14:16,278  (:0) INFO- RAMJobStore initialized.
2020-10-26 19:14:16,279  (:0) INFO- Scheduler meta-data: Quartz Scheduler (v3.2.0.0) 'QuartzScheduler' with instanceId 'NON_CLUSTERED'
  Scheduler class: 'Quartz.Core.QuartzScheduler' - running locally.
  NOT STARTED.
  Currently in standby mode.
  Number of jobs executed: 0
  Using thread pool 'Quartz.Simpl.DefaultThreadPool' - with 10 threads.
  Using job-store 'Quartz.Simpl.RAMJobStore' - which does not support persistence. and is not clustered.

2020-10-26 19:14:16,279  (:0) INFO- Quartz scheduler 'QuartzScheduler' initialized
2020-10-26 19:14:16,280  (:0) INFO- Quartz scheduler version: 3.2.0.0
2020-10-26 19:14:16,287  (:0) INFO- Scheduler QuartzScheduler_$_NON_CLUSTERED started.
2020-10-26 19:14:16,293  (?:?) DEBUG- Batch acquisition of 0 triggers
2020-10-26 19:14:16,342  (:0) INFO- Scheduler QuartzScheduler_$_NON_CLUSTERED started.
2020-10-26 19:14:16,342  (?:?) DEBUG- Batch acquisition of 0 triggers
2020-10-26 19:16:03,693  (:0) INFO- Default Quartz.NET properties loaded from embedded resource file
2020-10-26 19:16:03,778  (:0) DEBUG- TaskSchedulingThreadPool configured with max concurrency of 10 and TaskScheduler ThreadPoolTaskScheduler.
2020-10-26 19:16:03,793  (:0) INFO- Initialized Scheduler Signaller of type: Quartz.Core.SchedulerSignalerImpl
2020-10-26 19:16:03,796  (?:?) INFO- Quartz Scheduler v.3.2.0.0 created.
2020-10-26 19:16:03,798  (:0) INFO- RAMJobStore initialized.
2020-10-26 19:16:03,802  (:0) INFO- Scheduler meta-data: Quartz Scheduler (v3.2.0.0) 'DefaultQuartzScheduler' with instanceId 'NON_CLUSTERED'
  Scheduler class: 'Quartz.Core.QuartzScheduler' - running locally.
  NOT STARTED.
  Currently in standby mode.
  Number of jobs executed: 0
  Using thread pool 'Quartz.Simpl.DefaultThreadPool' - with 10 threads.
  Using job-store 'Quartz.Simpl.RAMJobStore' - which does not support persistence. and is not clustered.

2020-10-26 19:16:03,802  (:0) INFO- Quartz scheduler 'DefaultQuartzScheduler' initialized
2020-10-26 19:16:03,803  (:0) INFO- Quartz scheduler version: 3.2.0.0
2020-10-26 19:16:03,809  (:0) INFO- Using object serializer: Quartz.Simpl.BinaryObjectSerializer, Quartz
2020-10-26 19:16:03,810  (:0) DEBUG- TaskSchedulingThreadPool configured with max concurrency of 10 and TaskScheduler ThreadPoolTaskScheduler.
2020-10-26 19:16:03,810  (:0) INFO- Initialized Scheduler Signaller of type: Quartz.Core.SchedulerSignalerImpl
2020-10-26 19:16:03,811  (?:?) INFO- Quartz Scheduler v.3.2.0.0 created.
2020-10-26 19:16:03,811  (:0) INFO- RAMJobStore initialized.
2020-10-26 19:16:03,812  (:0) INFO- Scheduler meta-data: Quartz Scheduler (v3.2.0.0) 'QuartzScheduler' with instanceId 'NON_CLUSTERED'
  Scheduler class: 'Quartz.Core.QuartzScheduler' - running locally.
  NOT STARTED.
  Currently in standby mode.
  Number of jobs executed: 0
  Using thread pool 'Quartz.Simpl.DefaultThreadPool' - with 10 threads.
  Using job-store 'Quartz.Simpl.RAMJobStore' - which does not support persistence. and is not clustered.

2020-10-26 19:16:03,812  (:0) INFO- Quartz scheduler 'QuartzScheduler' initialized
2020-10-26 19:16:03,812  (:0) INFO- Quartz scheduler version: 3.2.0.0
2020-10-26 19:16:03,820  (:0) INFO- Scheduler QuartzScheduler_$_NON_CLUSTERED started.
2020-10-26 19:16:03,824  (?:?) DEBUG- Batch acquisition of 0 triggers
2020-10-26 19:16:03,874  (:0) INFO- Scheduler QuartzScheduler_$_NON_CLUSTERED started.
2020-10-26 19:16:03,874  (?:?) DEBUG- Batch acquisition of 0 triggers
2020-10-26 19:18:21,582  (:0) INFO- Default Quartz.NET properties loaded from embedded resource file
2020-10-26 19:18:21,666  (:0) DEBUG- TaskSchedulingThreadPool configured with max concurrency of 10 and TaskScheduler ThreadPoolTaskScheduler.
2020-10-26 19:18:21,680  (:0) INFO- Initialized Scheduler Signaller of type: Quartz.Core.SchedulerSignalerImpl
2020-10-26 19:18:21,684  (?:?) INFO- Quartz Scheduler v.3.2.0.0 created.
2020-10-26 19:18:21,684  (:0) INFO- RAMJobStore initialized.
2020-10-26 19:18:21,688  (:0) INFO- Scheduler meta-data: Quartz Scheduler (v3.2.0.0) 'DefaultQuartzScheduler' with instanceId 'NON_CLUSTERED'
  Scheduler class: 'Quartz.Core.QuartzScheduler' - running locally.
  NOT STARTED.
  Currently in standby mode.
  Number of jobs executed: 0
  Using thread pool 'Quartz.Simpl.DefaultThreadPool' - with 10 threads.
  Using job-store 'Quartz.Simpl.RAMJobStore' - which does not support persistence. and is not clustered.

2020-10-26 19:18:21,688  (:0) INFO- Quartz scheduler 'DefaultQuartzScheduler' initialized
2020-10-26 19:18:21,689  (:0) INFO- Quartz scheduler version: 3.2.0.0
2020-10-26 19:18:21,695  (:0) INFO- Using object serializer: Quartz.Simpl.BinaryObjectSerializer, Quartz
2020-10-26 19:18:21,696  (:0) DEBUG- TaskSchedulingThreadPool configured with max concurrency of 10 and TaskScheduler ThreadPoolTaskScheduler.
2020-10-26 19:18:21,696  (:0) INFO- Initialized Scheduler Signaller of type: Quartz.Core.SchedulerSignalerImpl
2020-10-26 19:18:21,697  (?:?) INFO- Quartz Scheduler v.3.2.0.0 created.
2020-10-26 19:18:21,697  (:0) INFO- RAMJobStore initialized.
2020-10-26 19:18:21,697  (:0) INFO- Scheduler meta-data: Quartz Scheduler (v3.2.0.0) 'QuartzScheduler' with instanceId 'NON_CLUSTERED'
  Scheduler class: 'Quartz.Core.QuartzScheduler' - running locally.
  NOT STARTED.
  Currently in standby mode.
  Number of jobs executed: 0
  Using thread pool 'Quartz.Simpl.DefaultThreadPool' - with 10 threads.
  Using job-store 'Quartz.Simpl.RAMJobStore' - which does not support persistence. and is not clustered.

2020-10-26 19:18:21,698  (:0) INFO- Quartz scheduler 'QuartzScheduler' initialized
2020-10-26 19:18:21,698  (:0) INFO- Quartz scheduler version: 3.2.0.0
2020-10-26 19:18:21,706  (:0) INFO- Scheduler QuartzScheduler_$_NON_CLUSTERED started.
2020-10-26 19:18:21,710  (?:?) DEBUG- Batch acquisition of 0 triggers
2020-10-26 19:18:21,755  (:0) INFO- Scheduler QuartzScheduler_$_NON_CLUSTERED started.
2020-10-26 19:18:21,756  (?:?) DEBUG- Batch acquisition of 0 triggers
2020-10-26 19:18:42,325  (:0) INFO- Default Quartz.NET properties loaded from embedded resource file
2020-10-26 19:18:46,396  (?:?) DEBUG- Batch acquisition of 0 triggers
2020-10-26 19:18:48,357  (:0) INFO- Scheduler QuartzScheduler_$_NON_CLUSTERED started.
2020-10-26 19:18:48,357  (?:?) DEBUG- Batch acquisition of 0 triggers
2020-10-26 19:19:33,881  (?:?) DEBUG- Batch acquisition of 0 triggers
2020-10-26 19:19:35,434  (:0) INFO- Scheduler QuartzScheduler_$_NON_CLUSTERED started.
2020-10-26 19:19:35,434  (?:?) DEBUG- Batch acquisition of 0 triggers
2020-10-26 19:23:07,681  (:0) INFO- Default Quartz.NET properties loaded from embedded resource file
2020-10-26 19:23:07,736  (:0) DEBUG- TaskSchedulingThreadPool configured with max concurrency of 10 and TaskScheduler ThreadPoolTaskScheduler.
2020-10-26 19:23:07,750  (:0) INFO- Initialized Scheduler Signaller of type: Quartz.Core.SchedulerSignalerImpl
2020-10-26 19:23:07,754  (?:?) INFO- Quartz Scheduler v.3.2.0.0 created.
2020-10-26 19:23:07,755  (:0) INFO- RAMJobStore initialized.
2020-10-26 19:23:07,760  (:0) INFO- Scheduler meta-data: Quartz Scheduler (v3.2.0.0) 'DefaultQuartzScheduler' with instanceId 'NON_CLUSTERED'
  Scheduler class: 'Quartz.Core.QuartzScheduler' - running locally.
  NOT STARTED.
  Currently in standby mode.
  Number of jobs executed: 0
  Using thread pool 'Quartz.Simpl.DefaultThreadPool' - with 10 threads.
  Using job-store 'Quartz.Simpl.RAMJobStore' - which does not support persistence. and is not clustered.

2020-10-26 19:23:07,761  (:0) INFO- Quartz scheduler 'DefaultQuartzScheduler' initialized
2020-10-26 19:23:07,761  (:0) INFO- Quartz scheduler version: 3.2.0.0
2020-10-26 19:23:46,691  (:0) INFO- Using object serializer: Quartz.Simpl.BinaryObjectSerializer, Quartz
2020-10-26 19:23:46,692  (:0) DEBUG- TaskSchedulingThreadPool configured with max concurrency of 10 and TaskScheduler ThreadPoolTaskScheduler.
2020-10-26 19:23:46,693  (:0) INFO- Initialized Scheduler Signaller of type: Quartz.Core.SchedulerSignalerImpl
2020-10-26 19:23:46,693  (?:?) INFO- Quartz Scheduler v.3.2.0.0 created.
2020-10-26 19:23:46,693  (:0) INFO- RAMJobStore initialized.
2020-10-26 19:23:46,694  (:0) INFO- Scheduler meta-data: Quartz Scheduler (v3.2.0.0) 'QuartzScheduler' with instanceId 'NON_CLUSTERED'
  Scheduler class: 'Quartz.Core.QuartzScheduler' - running locally.
  NOT STARTED.
  Currently in standby mode.
  Number of jobs executed: 0
  Using thread pool 'Quartz.Simpl.DefaultThreadPool' - with 10 threads.
  Using job-store 'Quartz.Simpl.RAMJobStore' - which does not support persistence. and is not clustered.

2020-10-26 19:23:46,694  (:0) INFO- Quartz scheduler 'QuartzScheduler' initialized
2020-10-26 19:23:46,694  (:0) INFO- Quartz scheduler version: 3.2.0.0
2020-10-26 19:23:47,463  (:0) INFO- Scheduler QuartzScheduler_$_NON_CLUSTERED started.
2020-10-26 19:23:47,912  (?:?) DEBUG- Batch acquisition of 0 triggers
2020-10-26 19:23:52,618  (?:?) DEBUG- Batch acquisition of 0 triggers
2020-10-26 19:24:00,301  (:0) INFO- Scheduler QuartzScheduler_$_NON_CLUSTERED started.
2020-10-26 19:24:00,301  (?:?) DEBUG- Batch acquisition of 0 triggers
2020-10-26 19:24:29,723  (?:?) DEBUG- Batch acquisition of 0 triggers
2020-10-26 19:24:54,817  (?:?) DEBUG- Batch acquisition of 0 triggers
2020-10-26 19:24:59,464  (:0) INFO- Default Quartz.NET properties loaded from embedded resource file
2020-10-26 19:25:08,512  (:0) INFO- Scheduler QuartzScheduler_$_NON_CLUSTERED started.
2020-10-26 19:25:08,512  (?:?) DEBUG- Batch acquisition of 0 triggers
2020-10-26 19:26:53,084  (?:?) DEBUG- Batch acquisition of 0 triggers
2020-10-26 19:26:55,284  (:0) INFO- Scheduler QuartzScheduler_$_NON_CLUSTERED started.
2020-10-26 19:26:55,284  (?:?) DEBUG- Batch acquisition of 0 triggers
2020-10-26 19:30:56,746  (:0) INFO- Default Quartz.NET properties loaded from embedded resource file
2020-10-26 19:30:56,779  (:0) DEBUG- TaskSchedulingThreadPool configured with max concurrency of 10 and TaskScheduler ThreadPoolTaskScheduler.
2020-10-26 19:30:56,790  (:0) INFO- Initialized Scheduler Signaller of type: Quartz.Core.SchedulerSignalerImpl
2020-10-26 19:30:56,793  (?:?) INFO- Quartz Scheduler v.3.2.0.0 created.
2020-10-26 19:30:56,793  (:0) INFO- RAMJobStore initialized.
2020-10-26 19:30:56,797  (:0) INFO- Scheduler meta-data: Quartz Scheduler (v3.2.0.0) 'DefaultQuartzScheduler' with instanceId 'NON_CLUSTERED'
  Scheduler class: 'Quartz.Core.QuartzScheduler' - running locally.
  NOT STARTED.
  Currently in standby mode.
  Number of jobs executed: 0
  Using thread pool 'Quartz.Simpl.DefaultThreadPool' - with 10 threads.
  Using job-store 'Quartz.Simpl.RAMJobStore' - which does not support persistence. and is not clustered.

2020-10-26 19:30:56,797  (:0) INFO- Quartz scheduler 'DefaultQuartzScheduler' initialized
2020-10-26 19:30:56,798  (:0) INFO- Quartz scheduler version: 3.2.0.0
2020-10-26 19:31:33,146  (:0) INFO- Using object serializer: Quartz.Simpl.BinaryObjectSerializer, Quartz
2020-10-26 19:31:33,147  (:0) DEBUG- TaskSchedulingThreadPool configured with max concurrency of 10 and TaskScheduler ThreadPoolTaskScheduler.
2020-10-26 19:31:33,147  (:0) INFO- Initialized Scheduler Signaller of type: Quartz.Core.SchedulerSignalerImpl
2020-10-26 19:31:33,147  (?:?) INFO- Quartz Scheduler v.3.2.0.0 created.
2020-10-26 19:31:33,148  (:0) INFO- RAMJobStore initialized.
2020-10-26 19:31:33,178  (:0) INFO- Scheduler meta-data: Quartz Scheduler (v3.2.0.0) 'QuartzScheduler' with instanceId 'NON_CLUSTERED'
  Scheduler class: 'Quartz.Core.QuartzScheduler' - running locally.
  NOT STARTED.
  Currently in standby mode.
  Number of jobs executed: 0
  Using thread pool 'Quartz.Simpl.DefaultThreadPool' - with 10 threads.
  Using job-store 'Quartz.Simpl.RAMJobStore' - which does not support persistence. and is not clustered.

2020-10-26 19:31:33,178  (:0) INFO- Quartz scheduler 'QuartzScheduler' initialized
2020-10-26 19:31:33,178  (:0) INFO- Quartz scheduler version: 3.2.0.0
2020-10-26 19:31:33,183  (:0) INFO- Scheduler QuartzScheduler_$_NON_CLUSTERED started.
2020-10-26 19:31:33,186  (?:?) DEBUG- Batch acquisition of 0 triggers
2020-10-26 19:31:33,216  (:0) INFO- Scheduler QuartzScheduler_$_NON_CLUSTERED started.
2020-10-26 19:31:33,217  (?:?) DEBUG- Batch acquisition of 0 triggers
2020-10-26 19:32:02,182  (?:?) DEBUG- Batch acquisition of 0 triggers
2020-10-26 19:32:07,619  (:0) INFO- Default Quartz.NET properties loaded from embedded resource file
2020-10-26 19:32:50,540  (?:?) DEBUG- Batch acquisition of 0 triggers
2020-10-26 19:32:51,396  (:0) INFO- Scheduler QuartzScheduler_$_NON_CLUSTERED started.
2020-10-26 19:32:51,396  (?:?) DEBUG- Batch acquisition of 0 triggers
2020-10-26 19:33:16,080  (?:?) DEBUG- Batch acquisition of 0 triggers
2020-10-26 19:33:16,080  (:0) INFO- Scheduler QuartzScheduler_$_NON_CLUSTERED started.
2020-10-26 19:33:16,080  (?:?) DEBUG- Batch acquisition of 0 triggers
2020-10-26 19:35:49,701  (:0) INFO- Default Quartz.NET properties loaded from embedded resource file
2020-10-26 19:35:49,737  (:0) DEBUG- TaskSchedulingThreadPool configured with max concurrency of 10 and TaskScheduler ThreadPoolTaskScheduler.
2020-10-26 19:35:49,750  (:0) INFO- Initialized Scheduler Signaller of type: Quartz.Core.SchedulerSignalerImpl
2020-10-26 19:35:49,753  (?:?) INFO- Quartz Scheduler v.3.2.0.0 created.
2020-10-26 19:35:49,753  (:0) INFO- RAMJobStore initialized.
2020-10-26 19:35:49,757  (:0) INFO- Scheduler meta-data: Quartz Scheduler (v3.2.0.0) 'DefaultQuartzScheduler' with instanceId 'NON_CLUSTERED'
  Scheduler class: 'Quartz.Core.QuartzScheduler' - running locally.
  NOT STARTED.
  Currently in standby mode.
  Number of jobs executed: 0
  Using thread pool 'Quartz.Simpl.DefaultThreadPool' - with 10 threads.
  Using job-store 'Quartz.Simpl.RAMJobStore' - which does not support persistence. and is not clustered.

2020-10-26 19:35:49,757  (:0) INFO- Quartz scheduler 'DefaultQuartzScheduler' initialized
2020-10-26 19:35:49,757  (:0) INFO- Quartz scheduler version: 3.2.0.0
2020-10-26 19:35:52,210  (:0) INFO- Default Quartz.NET properties loaded from embedded resource file
2020-10-26 19:35:52,452  (:0) INFO- Scheduler DefaultQuartzScheduler_$_NON_CLUSTERED started.
2020-10-26 19:36:01,596  (:0) INFO- Using object serializer: Quartz.Simpl.BinaryObjectSerializer, Quartz
2020-10-26 19:36:01,597  (?:?) DEBUG- Batch acquisition of 0 triggers
2020-10-26 19:36:01,597  (:0) DEBUG- TaskSchedulingThreadPool configured with max concurrency of 10 and TaskScheduler ThreadPoolTaskScheduler.
2020-10-26 19:36:01,598  (:0) INFO- Initialized Scheduler Signaller of type: Quartz.Core.SchedulerSignalerImpl
2020-10-26 19:36:01,599  (?:?) INFO- Quartz Scheduler v.3.2.0.0 created.
2020-10-26 19:36:01,600  (:0) INFO- RAMJobStore initialized.
2020-10-26 19:36:01,600  (:0) INFO- Scheduler meta-data: Quartz Scheduler (v3.2.0.0) 'QuartzScheduler' with instanceId 'NON_CLUSTERED'
  Scheduler class: 'Quartz.Core.QuartzScheduler' - running locally.
  NOT STARTED.
  Currently in standby mode.
  Number of jobs executed: 0
  Using thread pool 'Quartz.Simpl.DefaultThreadPool' - with 10 threads.
  Using job-store 'Quartz.Simpl.RAMJobStore' - which does not support persistence. and is not clustered.

2020-10-26 19:36:01,600  (:0) INFO- Quartz scheduler 'QuartzScheduler' initialized
2020-10-26 19:36:01,600  (:0) INFO- Quartz scheduler version: 3.2.0.0
2020-10-26 19:36:01,602  (:0) INFO- Scheduler QuartzScheduler_$_NON_CLUSTERED started.
2020-10-26 19:36:01,602  (?:?) DEBUG- Batch acquisition of 0 triggers
2020-10-26 19:36:21,465  (:0) INFO- Default Quartz.NET properties loaded from embedded resource file
2020-10-26 19:36:21,472  (?:?) DEBUG- Batch acquisition of 0 triggers
2020-10-26 19:36:21,473  (?:?) DEBUG- Batch acquisition of 0 triggers
2020-10-26 19:36:25,607  (:0) INFO- Default Quartz.NET properties loaded from embedded resource file
2020-10-26 19:36:25,757  (?:?) DEBUG- Batch acquisition of 0 triggers
2020-10-26 19:36:25,785  (:0) INFO- Scheduler DefaultQuartzScheduler_$_NON_CLUSTERED started.
2020-10-26 19:36:25,785  (?:?) DEBUG- Batch acquisition of 0 triggers
2020-10-26 19:36:31,332  (?:?) DEBUG- Batch acquisition of 0 triggers
2020-10-26 19:36:54,021  (?:?) DEBUG- Batch acquisition of 0 triggers
2020-10-26 19:36:55,183  (?:?) DEBUG- Batch acquisition of 0 triggers
2020-10-26 19:37:20,591  (?:?) DEBUG- Batch acquisition of 0 triggers
2020-10-26 19:37:23,213  (?:?) DEBUG- Batch acquisition of 0 triggers
2020-10-26 19:37:48,798  (?:?) DEBUG- Batch acquisition of 0 triggers
2020-10-26 19:37:49,877  (?:?) DEBUG- Batch acquisition of 0 triggers
2020-10-26 19:38:13,991  (?:?) DEBUG- Batch acquisition of 0 triggers
2020-10-26 19:38:17,565  (?:?) DEBUG- Batch acquisition of 0 triggers
2020-10-26 19:38:43,354  (?:?) DEBUG- Batch acquisition of 0 triggers
2020-10-26 19:38:44,968  (?:?) DEBUG- Batch acquisition of 0 triggers
2020-10-26 19:39:10,231  (?:?) DEBUG- Batch acquisition of 0 triggers
2020-10-26 19:39:12,109  (?:?) DEBUG- Batch acquisition of 0 triggers
2020-10-26 19:39:35,337  (?:?) DEBUG- Batch acquisition of 0 triggers
2020-10-26 19:39:39,019  (?:?) DEBUG- Batch acquisition of 0 triggers
2020-10-26 19:39:59,221  (?:?) DEBUG- Batch acquisition of 0 triggers
2020-10-26 19:40:03,854  (?:?) DEBUG- Batch acquisition of 0 triggers
2020-10-26 19:40:27,950  (?:?) DEBUG- Batch acquisition of 0 triggers
2020-10-26 19:40:33,102  (?:?) DEBUG- Batch acquisition of 0 triggers
2020-10-26 19:40:54,335  (?:?) DEBUG- Batch acquisition of 0 triggers
2020-10-26 19:40:56,254  (?:?) DEBUG- Batch acquisition of 0 triggers
2020-10-26 19:41:21,559  (?:?) DEBUG- Batch acquisition of 0 triggers
2020-10-26 19:41:21,575  (?:?) DEBUG- Batch acquisition of 0 triggers
2020-10-26 19:41:48,607  (?:?) DEBUG- Batch acquisition of 0 triggers
2020-10-26 19:41:49,279  (?:?) DEBUG- Batch acquisition of 0 triggers
2020-10-26 19:42:12,428  (?:?) DEBUG- Batch acquisition of 0 triggers
2020-10-26 19:42:17,449  (?:?) DEBUG- Batch acquisition of 0 triggers
2020-10-26 19:42:40,503  (?:?) DEBUG- Batch acquisition of 0 triggers
2020-10-26 19:42:40,644  (?:?) DEBUG- Batch acquisition of 0 triggers
2020-10-26 19:43:10,133  (?:?) DEBUG- Batch acquisition of 0 triggers
2020-10-26 19:43:10,445  (?:?) DEBUG- Batch acquisition of 0 triggers
2020-10-26 19:43:36,401  (?:?) DEBUG- Batch acquisition of 0 triggers
2020-10-26 19:43:39,295  (?:?) DEBUG- Batch acquisition of 0 triggers
2020-10-26 19:44:04,060  (?:?) DEBUG- Batch acquisition of 0 triggers
2020-10-26 19:44:04,107  (?:?) DEBUG- Batch acquisition of 0 triggers
2020-10-26 19:44:29,868  (?:?) DEBUG- Batch acquisition of 0 triggers
2020-10-26 19:44:30,318  (?:?) DEBUG- Batch acquisition of 0 triggers
2020-10-26 19:44:55,153  (?:?) DEBUG- Batch acquisition of 0 triggers
2020-10-26 19:44:55,261  (?:?) DEBUG- Batch acquisition of 0 triggers
2020-10-26 19:45:18,423  (?:?) DEBUG- Batch acquisition of 0 triggers
2020-10-26 19:45:21,736  (?:?) DEBUG- Batch acquisition of 0 triggers
2020-10-26 19:46:00,557  (:0) INFO- Default Quartz.NET properties loaded from embedded resource file
2020-10-26 19:46:00,592  (:0) DEBUG- TaskSchedulingThreadPool configured with max concurrency of 10 and TaskScheduler ThreadPoolTaskScheduler.
2020-10-26 19:46:00,603  (:0) INFO- Initialized Scheduler Signaller of type: Quartz.Core.SchedulerSignalerImpl
2020-10-26 19:46:00,605  (?:?) INFO- Quartz Scheduler v.3.2.0.0 created.
2020-10-26 19:46:00,606  (:0) INFO- RAMJobStore initialized.
2020-10-26 19:46:00,608  (:0) INFO- Scheduler meta-data: Quartz Scheduler (v3.2.0.0) 'DefaultQuartzScheduler' with instanceId 'NON_CLUSTERED'
  Scheduler class: 'Quartz.Core.QuartzScheduler' - running locally.
  NOT STARTED.
  Currently in standby mode.
  Number of jobs executed: 0
  Using thread pool 'Quartz.Simpl.DefaultThreadPool' - with 10 threads.
  Using job-store 'Quartz.Simpl.RAMJobStore' - which does not support persistence. and is not clustered.

2020-10-26 19:46:00,608  (:0) INFO- Quartz scheduler 'DefaultQuartzScheduler' initialized
2020-10-26 19:46:00,609  (:0) INFO- Quartz scheduler version: 3.2.0.0
2020-10-26 19:46:00,613  (:0) INFO- Default Quartz.NET properties loaded from embedded resource file
2020-10-26 19:46:00,665  (:0) INFO- Scheduler DefaultQuartzScheduler_$_NON_CLUSTERED started.
2020-10-26 19:46:00,667  (:0) INFO- Using object serializer: Quartz.Simpl.BinaryObjectSerializer, Quartz
2020-10-26 19:46:00,668  (:0) DEBUG- TaskSchedulingThreadPool configured with max concurrency of 10 and TaskScheduler ThreadPoolTaskScheduler.
2020-10-26 19:46:00,669  (:0) INFO- Initialized Scheduler Signaller of type: Quartz.Core.SchedulerSignalerImpl
2020-10-26 19:46:00,669  (?:?) INFO- Quartz Scheduler v.3.2.0.0 created.
2020-10-26 19:46:00,669  (:0) INFO- RAMJobStore initialized.
2020-10-26 19:46:00,669  (:0) INFO- Scheduler meta-data: Quartz Scheduler (v3.2.0.0) 'QuartzScheduler' with instanceId 'NON_CLUSTERED'
  Scheduler class: 'Quartz.Core.QuartzScheduler' - running locally.
  NOT STARTED.
  Currently in standby mode.
  Number of jobs executed: 0
  Using thread pool 'Quartz.Simpl.DefaultThreadPool' - with 10 threads.
  Using job-store 'Quartz.Simpl.RAMJobStore' - which does not support persistence. and is not clustered.

2020-10-26 19:46:00,669  (:0) INFO- Quartz scheduler 'QuartzScheduler' initialized
2020-10-26 19:46:00,669  (:0) INFO- Quartz scheduler version: 3.2.0.0
2020-10-26 19:46:00,670  (:0) INFO- Scheduler QuartzScheduler_$_NON_CLUSTERED started.
2020-10-26 19:46:00,670  (?:?) DEBUG- Batch acquisition of 0 triggers
2020-10-26 19:46:00,670  (?:?) DEBUG- Batch acquisition of 0 triggers
2020-10-26 19:46:23,902  (?:?) DEBUG- Batch acquisition of 0 triggers
2020-10-26 19:46:25,498  (?:?) DEBUG- Batch acquisition of 0 triggers
2020-10-26 19:46:59,278  (?:?) DEBUG- Batch acquisition of 0 triggers
2020-10-26 19:46:59,278  (?:?) DEBUG- Batch acquisition of 0 triggers
2020-10-26 19:47:04,421  (:0) INFO- Default Quartz.NET properties loaded from embedded resource file
2020-10-26 19:47:10,375  (?:?) DEBUG- Batch acquisition of 0 triggers
2020-10-26 19:47:10,379  (?:?) DEBUG- Batch acquisition of 0 triggers
2020-10-26 19:47:17,706  (:0) INFO- Default Quartz.NET properties loaded from embedded resource file
2020-10-26 19:47:18,995  (?:?) DEBUG- Batch acquisition of 0 triggers
2020-10-26 19:47:19,455  (:0) INFO- Scheduler DefaultQuartzScheduler_$_NON_CLUSTERED started.
2020-10-26 19:47:19,455  (?:?) DEBUG- Batch acquisition of 0 triggers
2020-10-26 19:47:23,557  (?:?) DEBUG- Batch acquisition of 0 triggers
2020-10-26 19:47:35,203  (:0) INFO- Default Quartz.NET properties loaded from embedded resource file
2020-10-26 19:47:35,205  (?:?) DEBUG- Batch acquisition of 0 triggers
2020-10-26 19:47:35,205  (:0) INFO- Default Quartz.NET properties loaded from embedded resource file
2020-10-26 19:47:35,207  (:0) INFO- Scheduler DefaultQuartzScheduler_$_NON_CLUSTERED started.
2020-10-26 19:47:35,207  (?:?) DEBUG- Batch acquisition of 0 triggers
2020-10-26 19:47:47,188  (?:?) DEBUG- Batch acquisition of 0 triggers
2020-10-26 19:48:01,481  (?:?) DEBUG- Batch acquisition of 0 triggers
2020-10-26 19:48:10,865  (?:?) DEBUG- Batch acquisition of 0 triggers
2020-10-26 19:48:30,272  (?:?) DEBUG- Batch acquisition of 0 triggers
2020-10-26 19:48:37,087  (?:?) DEBUG- Batch acquisition of 0 triggers
2020-10-26 19:48:59,212  (?:?) DEBUG- Batch acquisition of 0 triggers
2020-10-26 19:49:06,071  (?:?) DEBUG- Batch acquisition of 0 triggers
2020-10-26 19:49:12,090  (:0) INFO- Default Quartz.NET properties loaded from embedded resource file
2020-10-26 19:49:14,563  (?:?) DEBUG- Batch acquisition of 0 triggers
2020-10-26 19:49:19,292  (:0) INFO- Default Quartz.NET properties loaded from embedded resource file
2020-10-26 19:49:19,439  (?:?) DEBUG- Batch acquisition of 0 triggers
2020-10-26 19:49:19,467  (:0) INFO- Scheduler DefaultQuartzScheduler_$_NON_CLUSTERED started.
2020-10-26 19:49:19,467  (?:?) DEBUG- Batch acquisition of 0 triggers
2020-10-26 19:49:29,950  (?:?) DEBUG- Batch acquisition of 0 triggers
2020-10-26 19:49:44,946  (?:?) DEBUG- Batch acquisition of 0 triggers
2020-10-26 19:49:53,292  (?:?) DEBUG- Batch acquisition of 0 triggers
2020-10-26 19:50:08,445  (?:?) DEBUG- Batch acquisition of 0 triggers
2020-10-26 19:50:16,430  (?:?) DEBUG- Batch acquisition of 0 triggers
2020-10-26 19:50:32,951  (?:?) DEBUG- Batch acquisition of 0 triggers
2020-10-26 19:50:40,948  (:0) INFO- Default Quartz.NET properties loaded from embedded resource file
2020-10-26 19:50:40,949  (?:?) DEBUG- Batch acquisition of 0 triggers
2020-10-26 19:50:40,949  (:0) INFO- Default Quartz.NET properties loaded from embedded resource file
2020-10-26 19:50:40,950  (:0) INFO- Scheduler DefaultQuartzScheduler_$_NON_CLUSTERED started.
2020-10-26 19:50:40,950  (?:?) DEBUG- Batch acquisition of 0 triggers
2020-10-26 19:50:45,420  (?:?) DEBUG- Batch acquisition of 0 triggers
2020-10-26 19:51:07,261  (?:?) DEBUG- Batch acquisition of 0 triggers
2020-10-26 19:51:15,403  (?:?) DEBUG- Batch acquisition of 0 triggers
2020-10-26 19:51:17,910  (:0) INFO- Default Quartz.NET properties loaded from embedded resource file
2020-10-26 19:51:17,911  (?:?) DEBUG- Batch acquisition of 0 triggers
2020-10-26 19:51:17,911  (:0) INFO- Default Quartz.NET properties loaded from embedded resource file
2020-10-26 19:51:17,912  (:0) INFO- Scheduler DefaultQuartzScheduler_$_NON_CLUSTERED started.
2020-10-26 19:51:17,912  (?:?) DEBUG- Batch acquisition of 0 triggers
2020-10-26 19:51:26,752  (:0) INFO- Default Quartz.NET properties loaded from embedded resource file
2020-10-26 19:51:26,791  (:0) DEBUG- TaskSchedulingThreadPool configured with max concurrency of 10 and TaskScheduler ThreadPoolTaskScheduler.
2020-10-26 19:51:26,805  (:0) INFO- Initialized Scheduler Signaller of type: Quartz.Core.SchedulerSignalerImpl
2020-10-26 19:51:26,807  (?:?) INFO- Quartz Scheduler v.3.2.0.0 created.
2020-10-26 19:51:26,808  (:0) INFO- RAMJobStore initialized.
2020-10-26 19:51:26,810  (:0) INFO- Scheduler meta-data: Quartz Scheduler (v3.2.0.0) 'DefaultQuartzScheduler' with instanceId 'NON_CLUSTERED'
  Scheduler class: 'Quartz.Core.QuartzScheduler' - running locally.
  NOT STARTED.
  Currently in standby mode.
  Number of jobs executed: 0
  Using thread pool 'Quartz.Simpl.DefaultThreadPool' - with 10 threads.
  Using job-store 'Quartz.Simpl.RAMJobStore' - which does not support persistence. and is not clustered.

2020-10-26 19:51:26,811  (:0) INFO- Quartz scheduler 'DefaultQuartzScheduler' initialized
2020-10-26 19:51:26,811  (:0) INFO- Quartz scheduler version: 3.2.0.0
2020-10-26 19:51:26,815  (:0) INFO- Default Quartz.NET properties loaded from embedded resource file
2020-10-26 19:51:26,850  (:0) INFO- Scheduler DefaultQuartzScheduler_$_NON_CLUSTERED started.
2020-10-26 19:51:26,853  (:0) INFO- Using object serializer: Quartz.Simpl.BinaryObjectSerializer, Quartz
2020-10-26 19:51:26,854  (:0) DEBUG- TaskSchedulingThreadPool configured with max concurrency of 10 and TaskScheduler ThreadPoolTaskScheduler.
2020-10-26 19:51:26,855  (:0) INFO- Initialized Scheduler Signaller of type: Quartz.Core.SchedulerSignalerImpl
2020-10-26 19:51:26,855  (?:?) INFO- Quartz Scheduler v.3.2.0.0 created.
2020-10-26 19:51:26,856  (:0) INFO- RAMJobStore initialized.
2020-10-26 19:51:26,857  (:0) INFO- Scheduler meta-data: Quartz Scheduler (v3.2.0.0) 'QuartzScheduler' with instanceId 'NON_CLUSTERED'
  Scheduler class: 'Quartz.Core.QuartzScheduler' - running locally.
  NOT STARTED.
  Currently in standby mode.
  Number of jobs executed: 0
  Using thread pool 'Quartz.Simpl.DefaultThreadPool' - with 10 threads.
  Using job-store 'Quartz.Simpl.RAMJobStore' - which does not support persistence. and is not clustered.

2020-10-26 19:51:26,857  (:0) INFO- Quartz scheduler 'QuartzScheduler' initialized
2020-10-26 19:51:26,858  (:0) INFO- Quartz scheduler version: 3.2.0.0
2020-10-26 19:51:26,858  (:0) INFO- Scheduler QuartzScheduler_$_NON_CLUSTERED started.
2020-10-26 19:51:26,858  (?:?) DEBUG- Batch acquisition of 0 triggers
2020-10-26 19:51:26,858  (?:?) DEBUG- Batch acquisition of 0 triggers
2020-10-26 19:51:50,110  (?:?) DEBUG- Batch acquisition of 0 triggers
2020-10-26 19:51:56,835  (?:?) DEBUG- Batch acquisition of 0 triggers
2020-10-26 19:52:36,655  (:0) INFO- Default Quartz.NET properties loaded from embedded resource file
2020-10-26 19:52:36,696  (:0) DEBUG- TaskSchedulingThreadPool configured with max concurrency of 10 and TaskScheduler ThreadPoolTaskScheduler.
2020-10-26 19:52:36,707  (:0) INFO- Initialized Scheduler Signaller of type: Quartz.Core.SchedulerSignalerImpl
2020-10-26 19:52:36,710  (?:?) INFO- Quartz Scheduler v.3.2.0.0 created.
2020-10-26 19:52:36,711  (:0) INFO- RAMJobStore initialized.
2020-10-26 19:52:36,714  (:0) INFO- Scheduler meta-data: Quartz Scheduler (v3.2.0.0) 'DefaultQuartzScheduler' with instanceId 'NON_CLUSTERED'
  Scheduler class: 'Quartz.Core.QuartzScheduler' - running locally.
  NOT STARTED.
  Currently in standby mode.
  Number of jobs executed: 0
  Using thread pool 'Quartz.Simpl.DefaultThreadPool' - with 10 threads.
  Using job-store 'Quartz.Simpl.RAMJobStore' - which does not support persistence. and is not clustered.

2020-10-26 19:52:36,714  (:0) INFO- Quartz scheduler 'DefaultQuartzScheduler' initialized
2020-10-26 19:52:36,714  (:0) INFO- Quartz scheduler version: 3.2.0.0
2020-10-26 19:52:36,717  (:0) INFO- Default Quartz.NET properties loaded from embedded resource file
2020-10-26 19:52:36,752  (:0) INFO- Scheduler DefaultQuartzScheduler_$_NON_CLUSTERED started.
2020-10-26 19:52:36,757  (?:?) DEBUG- Batch acquisition of 0 triggers
2020-10-26 19:52:48,840  (:0) INFO- Default Quartz.NET properties loaded from embedded resource file
2020-10-26 19:52:48,848  (?:?) DEBUG- Batch acquisition of 0 triggers
2020-10-26 19:52:48,849  (?:?) DEBUG- Batch acquisition of 0 triggers
2020-10-26 19:52:48,850  (:0) INFO- Default Quartz.NET properties loaded from embedded resource file
2020-10-26 19:52:48,850  (?:?) DEBUG- Batch acquisition of 0 triggers
2020-10-26 19:52:48,850  (:0) INFO- Scheduler DefaultQuartzScheduler_$_NON_CLUSTERED started.
2020-10-26 19:53:16,929  (?:?) DEBUG- Batch acquisition of 0 triggers
2020-10-26 19:53:42,051  (?:?) DEBUG- Batch acquisition of 0 triggers
2020-10-26 19:54:46,049  (:0) INFO- Default Quartz.NET properties loaded from embedded resource file
2020-10-26 19:54:46,084  (:0) DEBUG- TaskSchedulingThreadPool configured with max concurrency of 10 and TaskScheduler ThreadPoolTaskScheduler.
2020-10-26 19:54:46,096  (:0) INFO- Initialized Scheduler Signaller of type: Quartz.Core.SchedulerSignalerImpl
2020-10-26 19:54:46,099  (?:?) INFO- Quartz Scheduler v.3.2.0.0 created.
2020-10-26 19:54:46,100  (:0) INFO- RAMJobStore initialized.
2020-10-26 19:54:46,102  (:0) INFO- Scheduler meta-data: Quartz Scheduler (v3.2.0.0) 'DefaultQuartzScheduler' with instanceId 'NON_CLUSTERED'
  Scheduler class: 'Quartz.Core.QuartzScheduler' - running locally.
  NOT STARTED.
  Currently in standby mode.
  Number of jobs executed: 0
  Using thread pool 'Quartz.Simpl.DefaultThreadPool' - with 10 threads.
  Using job-store 'Quartz.Simpl.RAMJobStore' - which does not support persistence. and is not clustered.

2020-10-26 19:54:46,103  (:0) INFO- Quartz scheduler 'DefaultQuartzScheduler' initialized
2020-10-26 19:54:46,103  (:0) INFO- Quartz scheduler version: 3.2.0.0
2020-10-26 19:54:46,106  (:0) INFO- Default Quartz.NET properties loaded from embedded resource file
2020-10-26 19:54:46,124  (:0) INFO- Scheduler DefaultQuartzScheduler_$_NON_CLUSTERED started.
2020-10-26 19:54:46,131  (?:?) DEBUG- Batch acquisition of 1 triggers
2020-10-26 19:54:46,138  (:0) DEBUG- Producing instance of Job 'processpendingfileGroup.processpendingfileJob_5', class=OCP_Import.Helper.Processforuplodingfile
2020-10-26 19:54:46,142  (?:?) DEBUG- Batch acquisition of 0 triggers
2020-10-26 19:54:46,157  (:0) DEBUG- Calling Execute on job processpendingfileGroup.processpendingfileJob_5
2020-10-26 19:58:11,459  (:0) INFO- Default Quartz.NET properties loaded from embedded resource file
2020-10-26 19:58:11,495  (:0) DEBUG- TaskSchedulingThreadPool configured with max concurrency of 10 and TaskScheduler ThreadPoolTaskScheduler.
2020-10-26 19:58:11,507  (:0) INFO- Initialized Scheduler Signaller of type: Quartz.Core.SchedulerSignalerImpl
2020-10-26 19:58:11,511  (?:?) INFO- Quartz Scheduler v.3.2.0.0 created.
2020-10-26 19:58:11,512  (:0) INFO- RAMJobStore initialized.
2020-10-26 19:58:11,516  (:0) INFO- Scheduler meta-data: Quartz Scheduler (v3.2.0.0) 'DefaultQuartzScheduler' with instanceId 'NON_CLUSTERED'
  Scheduler class: 'Quartz.Core.QuartzScheduler' - running locally.
  NOT STARTED.
  Currently in standby mode.
  Number of jobs executed: 0
  Using thread pool 'Quartz.Simpl.DefaultThreadPool' - with 10 threads.
  Using job-store 'Quartz.Simpl.RAMJobStore' - which does not support persistence. and is not clustered.

2020-10-26 19:58:11,516  (:0) INFO- Quartz scheduler 'DefaultQuartzScheduler' initialized
2020-10-26 19:58:11,516  (:0) INFO- Quartz scheduler version: 3.2.0.0
2020-10-26 19:58:11,520  (:0) INFO- Default Quartz.NET properties loaded from embedded resource file
2020-10-26 19:58:11,564  (:0) INFO- Using object serializer: Quartz.Simpl.BinaryObjectSerializer, Quartz
2020-10-26 19:58:11,565  (:0) DEBUG- TaskSchedulingThreadPool configured with max concurrency of 10 and TaskScheduler ThreadPoolTaskScheduler.
2020-10-26 19:58:11,566  (:0) INFO- Initialized Scheduler Signaller of type: Quartz.Core.SchedulerSignalerImpl
2020-10-26 19:58:11,568  (?:?) INFO- Quartz Scheduler v.3.2.0.0 created.
2020-10-26 19:58:11,569  (:0) INFO- RAMJobStore initialized.
2020-10-26 19:58:11,569  (:0) INFO- Scheduler meta-data: Quartz Scheduler (v3.2.0.0) 'QuartzScheduler' with instanceId 'NON_CLUSTERED'
  Scheduler class: 'Quartz.Core.QuartzScheduler' - running locally.
  NOT STARTED.
  Currently in standby mode.
  Number of jobs executed: 0
  Using thread pool 'Quartz.Simpl.DefaultThreadPool' - with 10 threads.
  Using job-store 'Quartz.Simpl.RAMJobStore' - which does not support persistence. and is not clustered.

2020-10-26 19:58:11,569  (:0) INFO- Quartz scheduler 'QuartzScheduler' initialized
2020-10-26 19:58:11,569  (:0) INFO- Quartz scheduler version: 3.2.0.0
2020-10-26 19:58:11,574  (:0) INFO- Scheduler QuartzScheduler_$_NON_CLUSTERED started.
2020-10-26 20:04:49,548  (:0) INFO- Default Quartz.NET properties loaded from embedded resource file
2020-10-26 20:04:49,585  (:0) DEBUG- TaskSchedulingThreadPool configured with max concurrency of 10 and TaskScheduler ThreadPoolTaskScheduler.
2020-10-26 20:04:49,597  (:0) INFO- Initialized Scheduler Signaller of type: Quartz.Core.SchedulerSignalerImpl
2020-10-26 20:04:49,599  (?:?) INFO- Quartz Scheduler v.3.2.0.0 created.
2020-10-26 20:04:49,600  (:0) INFO- RAMJobStore initialized.
2020-10-26 20:04:49,603  (:0) INFO- Scheduler meta-data: Quartz Scheduler (v3.2.0.0) 'DefaultQuartzScheduler' with instanceId 'NON_CLUSTERED'
  Scheduler class: 'Quartz.Core.QuartzScheduler' - running locally.
  NOT STARTED.
  Currently in standby mode.
  Number of jobs executed: 0
  Using thread pool 'Quartz.Simpl.DefaultThreadPool' - with 10 threads.
  Using job-store 'Quartz.Simpl.RAMJobStore' - which does not support persistence. and is not clustered.

2020-10-26 20:04:49,604  (:0) INFO- Quartz scheduler 'DefaultQuartzScheduler' initialized
2020-10-26 20:04:49,604  (:0) INFO- Quartz scheduler version: 3.2.0.0
2020-10-26 20:04:49,608  (:0) INFO- Default Quartz.NET properties loaded from embedded resource file
2020-10-26 20:04:49,654  (:0) INFO- Using object serializer: Quartz.Simpl.BinaryObjectSerializer, Quartz
2020-10-26 20:04:49,655  (:0) DEBUG- TaskSchedulingThreadPool configured with max concurrency of 10 and TaskScheduler ThreadPoolTaskScheduler.
2020-10-26 20:04:49,655  (:0) INFO- Initialized Scheduler Signaller of type: Quartz.Core.SchedulerSignalerImpl
2020-10-26 20:04:49,656  (?:?) INFO- Quartz Scheduler v.3.2.0.0 created.
2020-10-26 20:04:49,656  (:0) INFO- RAMJobStore initialized.
2020-10-26 20:04:49,657  (:0) INFO- Scheduler meta-data: Quartz Scheduler (v3.2.0.0) 'QuartzScheduler' with instanceId 'NON_CLUSTERED'
  Scheduler class: 'Quartz.Core.QuartzScheduler' - running locally.
  NOT STARTED.
  Currently in standby mode.
  Number of jobs executed: 0
  Using thread pool 'Quartz.Simpl.DefaultThreadPool' - with 10 threads.
  Using job-store 'Quartz.Simpl.RAMJobStore' - which does not support persistence. and is not clustered.

2020-10-26 20:04:49,657  (:0) INFO- Quartz scheduler 'QuartzScheduler' initialized
2020-10-26 20:04:49,657  (:0) INFO- Quartz scheduler version: 3.2.0.0
2020-10-26 20:04:49,662  (:0) INFO- Scheduler QuartzScheduler_$_NON_CLUSTERED started.
2020-10-26 20:17:20,892  (:0) INFO- Default Quartz.NET properties loaded from embedded resource file
2020-10-26 20:17:20,928  (:0) DEBUG- TaskSchedulingThreadPool configured with max concurrency of 10 and TaskScheduler ThreadPoolTaskScheduler.
2020-10-26 20:17:20,937  (:0) INFO- Initialized Scheduler Signaller of type: Quartz.Core.SchedulerSignalerImpl
2020-10-26 20:17:20,939  (?:?) INFO- Quartz Scheduler v.3.2.0.0 created.
2020-10-26 20:17:20,940  (:0) INFO- RAMJobStore initialized.
2020-10-26 20:17:20,941  (:0) INFO- Scheduler meta-data: Quartz Scheduler (v3.2.0.0) 'DefaultQuartzScheduler' with instanceId 'NON_CLUSTERED'
  Scheduler class: 'Quartz.Core.QuartzScheduler' - running locally.
  NOT STARTED.
  Currently in standby mode.
  Number of jobs executed: 0
  Using thread pool 'Quartz.Simpl.DefaultThreadPool' - with 10 threads.
  Using job-store 'Quartz.Simpl.RAMJobStore' - which does not support persistence. and is not clustered.

2020-10-26 20:17:20,942  (:0) INFO- Quartz scheduler 'DefaultQuartzScheduler' initialized
2020-10-26 20:17:20,942  (:0) INFO- Quartz scheduler version: 3.2.0.0
2020-10-26 20:17:25,194  (:0) INFO- Default Quartz.NET properties loaded from embedded resource file
2020-10-26 20:17:51,289  (:0) INFO- Scheduler DefaultQuartzScheduler_$_NON_CLUSTERED started.
2020-10-26 20:17:51,295  (?:?) DEBUG- Batch acquisition of 0 triggers
2020-10-26 20:18:15,519  (?:?) DEBUG- Batch acquisition of 0 triggers
2020-10-26 20:18:15,519  (:0) INFO- Default Quartz.NET properties loaded from embedded resource file
2020-10-26 20:18:15,539  (?:?) DEBUG- Batch acquisition of 0 triggers
2020-10-26 20:18:15,543  (?:?) DEBUG- Batch acquisition of 0 triggers
2020-10-26 20:18:22,272  (:0) INFO- Default Quartz.NET properties loaded from embedded resource file
2020-10-26 20:18:33,213  (?:?) DEBUG- Batch acquisition of 0 triggers
2020-10-26 20:18:34,460  (:0) INFO- Scheduler DefaultQuartzScheduler_$_NON_CLUSTERED started.
2020-10-26 20:18:34,460  (?:?) DEBUG- Batch acquisition of 0 triggers
2020-10-26 20:18:58,735  (?:?) DEBUG- Batch acquisition of 0 triggers
2020-10-26 20:19:27,482  (?:?) DEBUG- Batch acquisition of 0 triggers
2020-10-26 20:19:56,340  (?:?) DEBUG- Batch acquisition of 0 triggers
2020-10-26 20:20:21,826  (?:?) DEBUG- Batch acquisition of 0 triggers
2020-10-26 20:20:48,090  (?:?) DEBUG- Batch acquisition of 0 triggers
2020-10-26 20:21:14,295  (?:?) DEBUG- Batch acquisition of 0 triggers
2020-10-26 20:21:40,658  (?:?) DEBUG- Batch acquisition of 0 triggers
2020-10-26 20:22:06,209  (?:?) DEBUG- Batch acquisition of 0 triggers
2020-10-26 20:22:33,687  (?:?) DEBUG- Batch acquisition of 0 triggers
2020-10-26 20:22:59,260  (?:?) DEBUG- Batch acquisition of 0 triggers
2020-10-26 20:23:26,932  (?:?) DEBUG- Batch acquisition of 0 triggers
2020-10-26 20:23:50,449  (?:?) DEBUG- Batch acquisition of 0 triggers
2020-10-26 20:24:15,872  (?:?) DEBUG- Batch acquisition of 0 triggers
2020-10-26 20:34:04,374  (:0) INFO- Default Quartz.NET properties loaded from embedded resource file
2020-10-26 20:34:04,410  (:0) DEBUG- TaskSchedulingThreadPool configured with max concurrency of 10 and TaskScheduler ThreadPoolTaskScheduler.
2020-10-26 20:34:04,418  (:0) INFO- Initialized Scheduler Signaller of type: Quartz.Core.SchedulerSignalerImpl
2020-10-26 20:34:04,420  (?:?) INFO- Quartz Scheduler v.3.2.0.0 created.
2020-10-26 20:34:04,421  (:0) INFO- RAMJobStore initialized.
2020-10-26 20:34:04,424  (:0) INFO- Scheduler meta-data: Quartz Scheduler (v3.2.0.0) 'DefaultQuartzScheduler' with instanceId 'NON_CLUSTERED'
  Scheduler class: 'Quartz.Core.QuartzScheduler' - running locally.
  NOT STARTED.
  Currently in standby mode.
  Number of jobs executed: 0
  Using thread pool 'Quartz.Simpl.DefaultThreadPool' - with 10 threads.
  Using job-store 'Quartz.Simpl.RAMJobStore' - which does not support persistence. and is not clustered.

2020-10-26 20:34:04,425  (:0) INFO- Quartz scheduler 'DefaultQuartzScheduler' initialized
2020-10-26 20:34:04,425  (:0) INFO- Quartz scheduler version: 3.2.0.0
2020-10-26 20:34:08,077  (:0) INFO- Default Quartz.NET properties loaded from embedded resource file
2020-10-26 20:34:28,296  (:0) INFO- Scheduler DefaultQuartzScheduler_$_NON_CLUSTERED started.
2020-10-26 20:34:33,164  (?:?) DEBUG- Batch acquisition of 0 triggers
2020-10-26 20:34:57,085  (:0) INFO- Default Quartz.NET properties loaded from embedded resource file
2020-10-26 20:34:57,094  (?:?) DEBUG- Batch acquisition of 0 triggers
2020-10-26 20:34:57,096  (?:?) DEBUG- Batch acquisition of 0 triggers
2020-10-26 20:35:08,209  (:0) INFO- Default Quartz.NET properties loaded from embedded resource file
2020-10-26 20:35:08,211  (?:?) DEBUG- Batch acquisition of 0 triggers
2020-10-26 20:35:08,212  (:0) INFO- Scheduler DefaultQuartzScheduler_$_NON_CLUSTERED started.
2020-10-26 20:35:33,033  (:0) INFO- Default Quartz.NET properties loaded from embedded resource file
2020-10-26 20:35:33,034  (?:?) DEBUG- Batch acquisition of 0 triggers
2020-10-26 20:35:37,576  (:0) INFO- Default Quartz.NET properties loaded from embedded resource file
2020-10-26 20:35:44,540  (?:?) DEBUG- Batch acquisition of 0 triggers
2020-10-26 20:35:45,310  (:0) INFO- Scheduler DefaultQuartzScheduler_$_NON_CLUSTERED started.
2020-10-26 20:35:45,310  (?:?) DEBUG- Batch acquisition of 0 triggers
2020-10-26 20:36:11,353  (?:?) DEBUG- Batch acquisition of 0 triggers
2020-10-26 20:36:39,228  (?:?) DEBUG- Batch acquisition of 0 triggers
2020-10-26 20:37:08,639  (?:?) DEBUG- Batch acquisition of 0 triggers
2020-10-26 20:37:32,817  (?:?) DEBUG- Batch acquisition of 0 triggers
2020-10-26 20:38:01,068  (?:?) DEBUG- Batch acquisition of 0 triggers
2020-10-26 20:38:30,418  (?:?) DEBUG- Batch acquisition of 0 triggers
2020-10-26 20:38:30,826  (:0) INFO- Default Quartz.NET properties loaded from embedded resource file
2020-10-26 20:38:30,828  (?:?) DEBUG- Batch acquisition of 0 triggers
2020-10-26 20:39:16,204  (?:?) DEBUG- Batch acquisition of 0 triggers
2020-10-26 20:39:16,204  (:0) INFO- Default Quartz.NET properties loaded from embedded resource file
2020-10-26 20:39:16,230  (:0) INFO- Scheduler DefaultQuartzScheduler_$_NON_CLUSTERED started.
2020-10-26 20:39:16,230  (?:?) DEBUG- Batch acquisition of 0 triggers
2020-10-26 20:39:34,927  (:0) INFO- Default Quartz.NET properties loaded from embedded resource file
2020-10-26 20:39:34,929  (?:?) DEBUG- Batch acquisition of 0 triggers
2020-10-26 20:39:39,541  (:0) INFO- Default Quartz.NET properties loaded from embedded resource file
2020-10-26 20:39:39,542  (:0) INFO- Scheduler DefaultQuartzScheduler_$_NON_CLUSTERED started.
2020-10-26 20:39:39,543  (?:?) DEBUG- Batch acquisition of 1 triggers
2020-10-26 20:40:00,013  (:0) DEBUG- Producing instance of Job 'processpendingfileGroup.processpendingfileJob_5', class=OCP_Import.Helper.Processforuplodingfile
2020-10-26 20:40:00,017  (?:?) DEBUG- Batch acquisition of 0 triggers
2020-10-26 20:40:00,027  (:0) DEBUG- Calling Execute on job processpendingfileGroup.processpendingfileJob_5
2020-10-26 20:40:58,950  (?:?) DEBUG- Batch acquisition of 0 triggers
2020-10-26 20:41:24,600  (?:?) DEBUG- Batch acquisition of 0 triggers
2020-10-26 20:41:51,793  (?:?) DEBUG- Batch acquisition of 0 triggers
2020-10-26 20:42:20,209  (?:?) DEBUG- Batch acquisition of 0 triggers
2020-10-26 20:42:50,164  (?:?) DEBUG- Batch acquisition of 0 triggers
2020-10-26 20:43:18,977  (?:?) DEBUG- Batch acquisition of 0 triggers
2020-10-26 20:43:53,398  (?:?) DEBUG- Batch acquisition of 0 triggers
2020-10-26 20:45:18,892  (?:?) DEBUG- Batch acquisition of 0 triggers
2020-10-26 20:45:48,158  (?:?) DEBUG- Batch acquisition of 0 triggers
2020-10-26 20:46:15,934  (?:?) DEBUG- Batch acquisition of 0 triggers
2020-10-26 20:46:45,658  (?:?) DEBUG- Batch acquisition of 0 triggers
2020-10-26 20:47:14,028  (?:?) DEBUG- Batch acquisition of 0 triggers
2020-10-26 20:47:42,467  (?:?) DEBUG- Batch acquisition of 0 triggers
2020-10-26 20:48:09,858  (?:?) DEBUG- Batch acquisition of 0 triggers
2020-10-26 20:48:35,108  (?:?) DEBUG- Batch acquisition of 0 triggers
2020-10-26 20:48:59,515  (?:?) DEBUG- Batch acquisition of 0 triggers
